<?xml version="1.0" encoding="UTF-8"?>
<coverage generated="1680465694774" clover="3.2.0">
  <project timestamp="1680465694774" name="All files">
    <metrics statements="34" coveredstatements="27" conditionals="28" coveredconditionals="11" methods="24" coveredmethods="21" elements="86" coveredelements="59" complexity="0" loc="34" ncloc="34" packages="6" files="9" classes="9"/>
    <package name="components.cardList">
      <metrics statements="3" coveredstatements="3" conditionals="0" coveredconditionals="0" methods="3" coveredmethods="3"/>
      <file name="CardsList.tsx" path="C:/Users/tsuka/Desktop/shit/web/rs-school/rsschool-react-2023Q1/react-components/src/components/cardList/CardsList.tsx">
        <metrics statements="2" coveredstatements="2" conditionals="0" coveredconditionals="0" methods="2" coveredmethods="2"/>
        <line num="23" count="1" type="stmt"/>
        <line num="26" count="3" type="stmt"/>
      </file>
      <file name="ProductCard.tsx" path="C:/Users/tsuka/Desktop/shit/web/rs-school/rsschool-react-2023Q1/react-components/src/components/cardList/ProductCard.tsx">
        <metrics statements="1" coveredstatements="1" conditionals="0" coveredconditionals="0" methods="1" coveredmethods="1"/>
        <line num="13" count="4" type="stmt"/>
      </file>
    </package>
    <package name="components.form">
      <metrics statements="6" coveredstatements="3" conditionals="22" coveredconditionals="6" methods="2" coveredmethods="1"/>
      <file name="UserForm.tsx" path="C:/Users/tsuka/Desktop/shit/web/rs-school/rsschool-react-2023Q1/react-components/src/components/form/UserForm.tsx">
        <metrics statements="6" coveredstatements="3" conditionals="22" coveredconditionals="6" methods="2" coveredmethods="1"/>
        <line num="33" count="2" type="stmt"/>
        <line num="35" count="2" type="stmt"/>
        <line num="36" count="0" type="stmt"/>
        <line num="37" count="0" type="stmt"/>
        <line num="44" count="0" type="stmt"/>
        <line num="47" count="2" type="stmt"/>
      </file>
    </package>
    <package name="components.form.inputs">
      <metrics statements="8" coveredstatements="8" conditionals="0" coveredconditionals="0" methods="8" coveredmethods="8"/>
      <file name="inputs.tsx" path="C:/Users/tsuka/Desktop/shit/web/rs-school/rsschool-react-2023Q1/react-components/src/components/form/inputs/inputs.tsx">
        <metrics statements="8" coveredstatements="8" conditionals="0" coveredconditionals="0" methods="8" coveredmethods="8"/>
        <line num="50" count="2" type="stmt"/>
        <line num="59" count="2" type="stmt"/>
        <line num="68" count="2" type="stmt"/>
        <line num="74" count="12" type="stmt"/>
        <line num="86" count="2" type="stmt"/>
        <line num="96" count="2" type="stmt"/>
        <line num="99" count="4" type="stmt"/>
        <line num="111" count="2" type="stmt"/>
      </file>
    </package>
    <package name="components.search">
      <metrics statements="8" coveredstatements="5" conditionals="4" coveredconditionals="3" methods="4" coveredmethods="3"/>
      <file name="Search.tsx" path="C:/Users/tsuka/Desktop/shit/web/rs-school/rsschool-react-2023Q1/react-components/src/components/search/Search.tsx">
        <metrics statements="8" coveredstatements="5" conditionals="4" coveredconditionals="3" methods="4" coveredmethods="3"/>
        <line num="4" count="1" type="cond" truecount="2" falsecount="0"/>
        <line num="6" count="1" type="stmt"/>
        <line num="7" count="1" type="stmt"/>
        <line num="8" count="1" type="cond" truecount="1" falsecount="1"/>
        <line num="9" count="0" type="stmt"/>
        <line num="15" count="0" type="stmt"/>
        <line num="16" count="0" type="stmt"/>
        <line num="19" count="1" type="stmt"/>
      </file>
    </package>
    <package name="components.userCardList">
      <metrics statements="3" coveredstatements="3" conditionals="0" coveredconditionals="0" methods="3" coveredmethods="3"/>
      <file name="UserCard.tsx" path="C:/Users/tsuka/Desktop/shit/web/rs-school/rsschool-react-2023Q1/react-components/src/components/userCardList/UserCard.tsx">
        <metrics statements="1" coveredstatements="1" conditionals="0" coveredconditionals="0" methods="1" coveredmethods="1"/>
        <line num="14" count="3" type="stmt"/>
      </file>
      <file name="UsersList.tsx" path="C:/Users/tsuka/Desktop/shit/web/rs-school/rsschool-react-2023Q1/react-components/src/components/userCardList/UsersList.tsx">
        <metrics statements="2" coveredstatements="2" conditionals="0" coveredconditionals="0" methods="2" coveredmethods="2"/>
        <line num="18" count="2" type="stmt"/>
        <line num="21" count="2" type="stmt"/>
      </file>
    </package>
    <package name="pages">
      <metrics statements="6" coveredstatements="5" conditionals="2" coveredconditionals="2" methods="4" coveredmethods="3"/>
      <file name="FormPage.tsx" path="C:/Users/tsuka/Desktop/shit/web/rs-school/rsschool-react-2023Q1/react-components/src/pages/FormPage.tsx">
        <metrics statements="5" coveredstatements="4" conditionals="2" coveredconditionals="2" methods="3" coveredmethods="2"/>
        <line num="7" count="1" type="stmt"/>
        <line num="12" count="0" type="stmt"/>
        <line num="15" count="1" type="stmt"/>
        <line num="16" count="1" type="stmt"/>
        <line num="19" count="1" type="stmt"/>
      </file>
      <file name="NotFoundPage.tsx" path="C:/Users/tsuka/Desktop/shit/web/rs-school/rsschool-react-2023Q1/react-components/src/pages/NotFoundPage.tsx">
        <metrics statements="1" coveredstatements="1" conditionals="0" coveredconditionals="0" methods="1" coveredmethods="1"/>
        <line num="5" count="1" type="stmt"/>
      </file>
    </package>
  </project>
</coverage>
