<?xml version="1.0" encoding="UTF-8"?>
<coverage generated="1679860633517" clover="3.2.0">
  <project timestamp="1679860633518" name="All files">
    <metrics statements="82" coveredstatements="43" conditionals="32" coveredconditionals="6" methods="31" coveredmethods="26" elements="145" coveredelements="75" complexity="0" loc="82" ncloc="82" packages="12" files="16" classes="16"/>
    <package name="components">
      <metrics statements="1" coveredstatements="1" conditionals="0" coveredconditionals="0" methods="1" coveredmethods="1"/>
      <file name="Layout.tsx" path="C:/Users/tsuka/Desktop/shit/web/rs-school/rsschool-react-2023Q1/react-components/src/components/Layout.tsx">
        <metrics statements="1" coveredstatements="1" conditionals="0" coveredconditionals="0" methods="1" coveredmethods="1"/>
        <line num="6" count="2" type="stmt"/>
      </file>
    </package>
    <package name="components.cardList">
      <metrics statements="3" coveredstatements="3" conditionals="0" coveredconditionals="0" methods="3" coveredmethods="3"/>
      <file name="CardsList.tsx" path="C:/Users/tsuka/Desktop/shit/web/rs-school/rsschool-react-2023Q1/react-components/src/components/cardList/CardsList.tsx">
        <metrics statements="2" coveredstatements="2" conditionals="0" coveredconditionals="0" methods="2" coveredmethods="2"/>
        <line num="23" count="1" type="stmt"/>
        <line num="26" count="3" type="stmt"/>
      </file>
      <file name="ProductCard.tsx" path="C:/Users/tsuka/Desktop/shit/web/rs-school/rsschool-react-2023Q1/react-components/src/components/cardList/ProductCard.tsx">
        <metrics statements="1" coveredstatements="1" conditionals="0" coveredconditionals="0" methods="1" coveredmethods="1"/>
        <line num="13" count="4" type="stmt"/>
      </file>
    </package>
    <package name="components.form">
      <metrics statements="44" coveredstatements="11" conditionals="28" coveredconditionals="4" methods="5" coveredmethods="2"/>
      <file name="UserForm.tsx" path="C:/Users/tsuka/Desktop/shit/web/rs-school/rsschool-react-2023Q1/react-components/src/components/form/UserForm.tsx">
        <metrics statements="44" coveredstatements="11" conditionals="28" coveredconditionals="4" methods="5" coveredmethods="2"/>
        <line num="29" count="2" type="stmt"/>
        <line num="30" count="2" type="stmt"/>
        <line num="31" count="2" type="stmt"/>
        <line num="32" count="2" type="stmt"/>
        <line num="33" count="2" type="stmt"/>
        <line num="34" count="2" type="stmt"/>
        <line num="35" count="2" type="stmt"/>
        <line num="36" count="2" type="stmt"/>
        <line num="38" count="2" type="stmt"/>
        <line num="44" count="2" type="stmt"/>
        <line num="48" count="0" type="stmt"/>
        <line num="49" count="0" type="cond" truecount="0" falsecount="4"/>
        <line num="50" count="0" type="stmt"/>
        <line num="53" count="0" type="stmt"/>
        <line num="55" count="0" type="stmt"/>
        <line num="58" count="0" type="stmt"/>
        <line num="60" count="0" type="cond" truecount="0" falsecount="4"/>
        <line num="61" count="0" type="stmt"/>
        <line num="64" count="0" type="stmt"/>
        <line num="66" count="0" type="stmt"/>
        <line num="69" count="0" type="stmt"/>
        <line num="72" count="0" type="stmt"/>
        <line num="73" count="0" type="cond" truecount="0" falsecount="2"/>
        <line num="74" count="0" type="stmt"/>
        <line num="77" count="0" type="stmt"/>
        <line num="79" count="0" type="stmt"/>
        <line num="82" count="0" type="stmt"/>
        <line num="85" count="0" type="cond" truecount="0" falsecount="4"/>
        <line num="86" count="0" type="stmt"/>
        <line num="89" count="0" type="stmt"/>
        <line num="91" count="0" type="stmt"/>
        <line num="94" count="0" type="stmt"/>
        <line num="97" count="0" type="stmt"/>
        <line num="101" count="0" type="stmt"/>
        <line num="102" count="0" type="cond" truecount="0" falsecount="2"/>
        <line num="104" count="0" type="stmt"/>
        <line num="105" count="0" type="cond" truecount="0" falsecount="2"/>
        <line num="106" count="0" type="stmt"/>
        <line num="109" count="0" type="stmt"/>
        <line num="110" count="0" type="cond" truecount="0" falsecount="2"/>
        <line num="111" count="0" type="stmt"/>
        <line num="113" count="0" type="stmt"/>
        <line num="120" count="0" type="stmt"/>
        <line num="125" count="2" type="stmt"/>
      </file>
    </package>
    <package name="components.form.checkboxInput">
      <metrics statements="1" coveredstatements="1" conditionals="0" coveredconditionals="0" methods="1" coveredmethods="1"/>
      <file name="CheckboxInput.tsx" path="C:/Users/tsuka/Desktop/shit/web/rs-school/rsschool-react-2023Q1/react-components/src/components/form/checkboxInput/CheckboxInput.tsx">
        <metrics statements="1" coveredstatements="1" conditionals="0" coveredconditionals="0" methods="1" coveredmethods="1"/>
        <line num="10" count="3" type="stmt"/>
      </file>
    </package>
    <package name="components.form.dateInput">
      <metrics statements="2" coveredstatements="2" conditionals="0" coveredconditionals="0" methods="2" coveredmethods="2"/>
      <file name="DateInput.tsx" path="C:/Users/tsuka/Desktop/shit/web/rs-school/rsschool-react-2023Q1/react-components/src/components/form/dateInput/DateInput.tsx">
        <metrics statements="2" coveredstatements="2" conditionals="0" coveredconditionals="0" methods="2" coveredmethods="2"/>
        <line num="10" count="2" type="stmt"/>
        <line num="14" count="2" type="stmt"/>
      </file>
    </package>
    <package name="components.form.fileInput">
      <metrics statements="1" coveredstatements="1" conditionals="0" coveredconditionals="0" methods="1" coveredmethods="1"/>
      <file name="FileInput.tsx" path="C:/Users/tsuka/Desktop/shit/web/rs-school/rsschool-react-2023Q1/react-components/src/components/form/fileInput/FileInput.tsx">
        <metrics statements="1" coveredstatements="1" conditionals="0" coveredconditionals="0" methods="1" coveredmethods="1"/>
        <line num="10" count="2" type="stmt"/>
      </file>
    </package>
    <package name="components.form.radioInput">
      <metrics statements="2" coveredstatements="2" conditionals="0" coveredconditionals="0" methods="2" coveredmethods="2"/>
      <file name="RadioInputs.tsx" path="C:/Users/tsuka/Desktop/shit/web/rs-school/rsschool-react-2023Q1/react-components/src/components/form/radioInput/RadioInputs.tsx">
        <metrics statements="2" coveredstatements="2" conditionals="0" coveredconditionals="0" methods="2" coveredmethods="2"/>
        <line num="11" count="2" type="stmt"/>
        <line num="14" count="4" type="stmt"/>
      </file>
    </package>
    <package name="components.form.selectInput">
      <metrics statements="3" coveredstatements="3" conditionals="0" coveredconditionals="0" methods="3" coveredmethods="3"/>
      <file name="SelectInput.tsx" path="C:/Users/tsuka/Desktop/shit/web/rs-school/rsschool-react-2023Q1/react-components/src/components/form/selectInput/SelectInput.tsx">
        <metrics statements="3" coveredstatements="3" conditionals="0" coveredconditionals="0" methods="3" coveredmethods="3"/>
        <line num="11" count="2" type="stmt"/>
        <line num="15" count="2" type="stmt"/>
        <line num="20" count="12" type="stmt"/>
      </file>
    </package>
    <package name="components.form.textInput">
      <metrics statements="1" coveredstatements="1" conditionals="0" coveredconditionals="0" methods="1" coveredmethods="1"/>
      <file name="TextInput.tsx" path="C:/Users/tsuka/Desktop/shit/web/rs-school/rsschool-react-2023Q1/react-components/src/components/form/textInput/TextInput.tsx">
        <metrics statements="1" coveredstatements="1" conditionals="0" coveredconditionals="0" methods="1" coveredmethods="1"/>
        <line num="9" count="2" type="stmt"/>
      </file>
    </package>
    <package name="components.search">
      <metrics statements="9" coveredstatements="7" conditionals="2" coveredconditionals="1" methods="4" coveredmethods="3"/>
      <file name="Search.tsx" path="C:/Users/tsuka/Desktop/shit/web/rs-school/rsschool-react-2023Q1/react-components/src/components/search/Search.tsx">
        <metrics statements="9" coveredstatements="7" conditionals="2" coveredconditionals="1" methods="4" coveredmethods="3"/>
        <line num="9" count="1" type="stmt"/>
        <line num="10" count="1" type="stmt"/>
        <line num="11" count="1" type="cond" truecount="1" falsecount="1"/>
        <line num="12" count="0" type="stmt"/>
        <line num="16" count="1" type="stmt"/>
        <line num="21" count="1" type="stmt"/>
        <line num="25" count="1" type="stmt"/>
        <line num="29" count="0" type="stmt"/>
        <line num="35" count="1" type="stmt"/>
      </file>
    </package>
    <package name="components.userCardList">
      <metrics statements="3" coveredstatements="3" conditionals="0" coveredconditionals="0" methods="3" coveredmethods="3"/>
      <file name="UserCard.tsx" path="C:/Users/tsuka/Desktop/shit/web/rs-school/rsschool-react-2023Q1/react-components/src/components/userCardList/UserCard.tsx">
        <metrics statements="1" coveredstatements="1" conditionals="0" coveredconditionals="0" methods="1" coveredmethods="1"/>
        <line num="14" count="3" type="stmt"/>
      </file>
      <file name="UsersList.tsx" path="C:/Users/tsuka/Desktop/shit/web/rs-school/rsschool-react-2023Q1/react-components/src/components/userCardList/UsersList.tsx">
        <metrics statements="2" coveredstatements="2" conditionals="0" coveredconditionals="0" methods="2" coveredmethods="2"/>
        <line num="18" count="2" type="stmt"/>
        <line num="21" count="2" type="stmt"/>
      </file>
    </package>
    <package name="pages">
      <metrics statements="12" coveredstatements="8" conditionals="2" coveredconditionals="1" methods="5" coveredmethods="4"/>
      <file name="AboutPage.tsx" path="C:/Users/tsuka/Desktop/shit/web/rs-school/rsschool-react-2023Q1/react-components/src/pages/AboutPage.tsx">
        <metrics statements="1" coveredstatements="1" conditionals="0" coveredconditionals="0" methods="1" coveredmethods="1"/>
        <line num="5" count="1" type="stmt"/>
      </file>
      <file name="FormPage.tsx" path="C:/Users/tsuka/Desktop/shit/web/rs-school/rsschool-react-2023Q1/react-components/src/pages/FormPage.tsx">
        <metrics statements="10" coveredstatements="6" conditionals="2" coveredconditionals="1" methods="3" coveredmethods="2"/>
        <line num="12" count="1" type="stmt"/>
        <line num="13" count="1" type="stmt"/>
        <line num="14" count="1" type="cond" truecount="1" falsecount="1"/>
        <line num="15" count="0" type="stmt"/>
        <line num="17" count="1" type="stmt"/>
        <line num="21" count="1" type="stmt"/>
        <line num="25" count="0" type="stmt"/>
        <line num="26" count="0" type="stmt"/>
        <line num="30" count="0" type="stmt"/>
        <line num="34" count="1" type="stmt"/>
      </file>
      <file name="NotFoundPage.tsx" path="C:/Users/tsuka/Desktop/shit/web/rs-school/rsschool-react-2023Q1/react-components/src/pages/NotFoundPage.tsx">
        <metrics statements="1" coveredstatements="1" conditionals="0" coveredconditionals="0" methods="1" coveredmethods="1"/>
        <line num="5" count="1" type="stmt"/>
      </file>
    </package>
  </project>
</coverage>
