{"C:/Users/tsuka/Desktop/shit/web/rs-school/rsschool-react-2023Q1/react-components/src/components/Layout.tsx": {"path":"C:/Users/tsuka/Desktop/shit/web/rs-school/rsschool-react-2023Q1/react-components/src/components/Layout.tsx","statementMap":{"0":{"start":{"line":6,"column":4},"end":{"line":22,"column":null}}},"fnMap":{"0":{"name":"(anonymous_0)","decl":{"start":{"line":5,"column":2},"end":{"line":5,"column":28}},"loc":{"start":{"line":5,"column":28},"end":{"line":24,"column":null}}}},"branchMap":{},"s":{"0":2},"f":{"0":2},"b":{}}
,"C:/Users/tsuka/Desktop/shit/web/rs-school/rsschool-react-2023Q1/react-components/src/components/cardList/CardsList.tsx": {"path":"C:/Users/tsuka/Desktop/shit/web/rs-school/rsschool-react-2023Q1/react-components/src/components/cardList/CardsList.tsx","statementMap":{"0":{"start":{"line":23,"column":4},"end":{"line":34,"column":null}},"1":{"start":{"line":26,"column":10},"end":{"line":32,"column":null}}},"fnMap":{"0":{"name":"(anonymous_0)","decl":{"start":{"line":22,"column":2},"end":{"line":22,"column":28}},"loc":{"start":{"line":22,"column":28},"end":{"line":36,"column":null}}},"1":{"name":"(anonymous_1)","decl":{"start":{"line":25,"column":33},"end":{"line":25,"column":34}},"loc":{"start":{"line":26,"column":10},"end":{"line":32,"column":null}}}},"branchMap":{},"s":{"0":1,"1":3},"f":{"0":1,"1":3},"b":{}}
,"C:/Users/tsuka/Desktop/shit/web/rs-school/rsschool-react-2023Q1/react-components/src/components/cardList/ProductCard.tsx": {"path":"C:/Users/tsuka/Desktop/shit/web/rs-school/rsschool-react-2023Q1/react-components/src/components/cardList/ProductCard.tsx","statementMap":{"0":{"start":{"line":13,"column":4},"end":{"line":21,"column":null}}},"fnMap":{"0":{"name":"(anonymous_0)","decl":{"start":{"line":12,"column":2},"end":{"line":12,"column":28}},"loc":{"start":{"line":12,"column":28},"end":{"line":23,"column":null}}}},"branchMap":{},"s":{"0":4},"f":{"0":4},"b":{}}
,"C:/Users/tsuka/Desktop/shit/web/rs-school/rsschool-react-2023Q1/react-components/src/components/form/UserForm.tsx": {"path":"C:/Users/tsuka/Desktop/shit/web/rs-school/rsschool-react-2023Q1/react-components/src/components/form/UserForm.tsx","statementMap":{"0":{"start":{"line":29,"column":4},"end":{"line":29,"column":null}},"1":{"start":{"line":30,"column":4},"end":{"line":30,"column":null}},"2":{"start":{"line":31,"column":4},"end":{"line":31,"column":null}},"3":{"start":{"line":32,"column":4},"end":{"line":32,"column":null}},"4":{"start":{"line":33,"column":4},"end":{"line":33,"column":null}},"5":{"start":{"line":34,"column":4},"end":{"line":34,"column":null}},"6":{"start":{"line":35,"column":4},"end":{"line":35,"column":null}},"7":{"start":{"line":36,"column":4},"end":{"line":36,"column":null}},"8":{"start":{"line":38,"column":4},"end":{"line":43,"column":null}},"9":{"start":{"line":44,"column":4},"end":{"line":44,"column":null}},"10":{"start":{"line":48,"column":15},"end":{"line":48,"column":null}},"11":{"start":{"line":49,"column":4},"end":{"line":59,"column":null}},"12":{"start":{"line":50,"column":6},"end":{"line":52,"column":null}},"13":{"start":{"line":53,"column":6},"end":{"line":53,"column":null}},"14":{"start":{"line":55,"column":6},"end":{"line":57,"column":null}},"15":{"start":{"line":58,"column":6},"end":{"line":58,"column":null}},"16":{"start":{"line":60,"column":4},"end":{"line":70,"column":null}},"17":{"start":{"line":61,"column":6},"end":{"line":63,"column":null}},"18":{"start":{"line":64,"column":6},"end":{"line":64,"column":null}},"19":{"start":{"line":66,"column":6},"end":{"line":68,"column":null}},"20":{"start":{"line":69,"column":6},"end":{"line":69,"column":null}},"21":{"start":{"line":72,"column":27},"end":{"line":72,"column":null}},"22":{"start":{"line":72,"column":57},"end":{"line":72,"column":78}},"23":{"start":{"line":73,"column":4},"end":{"line":83,"column":null}},"24":{"start":{"line":74,"column":6},"end":{"line":76,"column":null}},"25":{"start":{"line":77,"column":6},"end":{"line":77,"column":null}},"26":{"start":{"line":79,"column":6},"end":{"line":81,"column":null}},"27":{"start":{"line":82,"column":6},"end":{"line":82,"column":null}},"28":{"start":{"line":85,"column":4},"end":{"line":95,"column":null}},"29":{"start":{"line":86,"column":6},"end":{"line":88,"column":null}},"30":{"start":{"line":89,"column":6},"end":{"line":89,"column":null}},"31":{"start":{"line":91,"column":6},"end":{"line":93,"column":null}},"32":{"start":{"line":94,"column":6},"end":{"line":94,"column":null}},"33":{"start":{"line":97,"column":4},"end":{"line":97,"column":null}},"34":{"start":{"line":101,"column":4},"end":{"line":101,"column":null}},"35":{"start":{"line":102,"column":4},"end":{"line":121,"column":null}},"36":{"start":{"line":104,"column":6},"end":{"line":108,"column":null}},"37":{"start":{"line":104,"column":19},"end":{"line":104,"column":22}},"38":{"start":{"line":105,"column":8},"end":{"line":107,"column":null}},"39":{"start":{"line":106,"column":10},"end":{"line":106,"column":null}},"40":{"start":{"line":109,"column":18},"end":{"line":109,"column":null}},"41":{"start":{"line":110,"column":6},"end":{"line":112,"column":null}},"42":{"start":{"line":111,"column":8},"end":{"line":111,"column":null}},"43":{"start":{"line":113,"column":6},"end":{"line":119,"column":null}},"44":{"start":{"line":120,"column":6},"end":{"line":120,"column":null}},"45":{"start":{"line":125,"column":4},"end":{"line":148,"column":null}}},"fnMap":{"0":{"name":"(anonymous_0)","decl":{"start":{"line":28,"column":2},"end":{"line":28,"column":14}},"loc":{"start":{"line":28,"column":36},"end":{"line":45,"column":null}}},"1":{"name":"(anonymous_1)","decl":{"start":{"line":47,"column":2},"end":{"line":47,"column":16}},"loc":{"start":{"line":47,"column":16},"end":{"line":98,"column":null}}},"2":{"name":"(anonymous_2)","decl":{"start":{"line":72,"column":47},"end":{"line":72,"column":48}},"loc":{"start":{"line":72,"column":57},"end":{"line":72,"column":78}}},"3":{"name":"(anonymous_3)","decl":{"start":{"line":100,"column":2},"end":{"line":100,"column":11}},"loc":{"start":{"line":100,"column":35},"end":{"line":122,"column":null}}},"4":{"name":"(anonymous_4)","decl":{"start":{"line":124,"column":2},"end":{"line":124,"column":11}},"loc":{"start":{"line":124,"column":11},"end":{"line":150,"column":null}}}},"branchMap":{"0":{"loc":{"start":{"line":49,"column":4},"end":{"line":59,"column":null}},"type":"if","locations":[{"start":{"line":49,"column":4},"end":{"line":59,"column":null}},{"start":{"line":54,"column":11},"end":{"line":59,"column":null}}]},"1":{"loc":{"start":{"line":49,"column":8},"end":{"line":49,"column":67}},"type":"binary-expr","locations":[{"start":{"line":49,"column":8},"end":{"line":49,"column":32}},{"start":{"line":49,"column":32},"end":{"line":49,"column":67}}]},"2":{"loc":{"start":{"line":60,"column":4},"end":{"line":70,"column":null}},"type":"if","locations":[{"start":{"line":60,"column":4},"end":{"line":70,"column":null}},{"start":{"line":65,"column":11},"end":{"line":70,"column":null}}]},"3":{"loc":{"start":{"line":60,"column":8},"end":{"line":60,"column":67}},"type":"binary-expr","locations":[{"start":{"line":60,"column":8},"end":{"line":60,"column":32}},{"start":{"line":60,"column":32},"end":{"line":60,"column":67}}]},"4":{"loc":{"start":{"line":73,"column":4},"end":{"line":83,"column":null}},"type":"if","locations":[{"start":{"line":73,"column":4},"end":{"line":83,"column":null}},{"start":{"line":78,"column":11},"end":{"line":83,"column":null}}]},"5":{"loc":{"start":{"line":85,"column":4},"end":{"line":95,"column":null}},"type":"if","locations":[{"start":{"line":85,"column":4},"end":{"line":95,"column":null}},{"start":{"line":90,"column":11},"end":{"line":95,"column":null}}]},"6":{"loc":{"start":{"line":85,"column":8},"end":{"line":85,"column":71}},"type":"binary-expr","locations":[{"start":{"line":85,"column":8},"end":{"line":85,"column":36}},{"start":{"line":85,"column":36},"end":{"line":85,"column":71}}]},"7":{"loc":{"start":{"line":102,"column":4},"end":{"line":121,"column":null}},"type":"if","locations":[{"start":{"line":102,"column":4},"end":{"line":121,"column":null}},{"start":{"line":102,"column":4},"end":{"line":121,"column":null}}]},"8":{"loc":{"start":{"line":105,"column":8},"end":{"line":107,"column":null}},"type":"if","locations":[{"start":{"line":105,"column":8},"end":{"line":107,"column":null}},{"start":{"line":105,"column":8},"end":{"line":107,"column":null}}]},"9":{"loc":{"start":{"line":110,"column":6},"end":{"line":112,"column":null}},"type":"if","locations":[{"start":{"line":110,"column":6},"end":{"line":112,"column":null}},{"start":{"line":110,"column":6},"end":{"line":112,"column":null}}]},"10":{"loc":{"start":{"line":127,"column":9},"end":{"line":127,"column":null}},"type":"binary-expr","locations":[{"start":{"line":127,"column":9},"end":{"line":127,"column":38}},{"start":{"line":127,"column":38},"end":{"line":127,"column":null}}]},"11":{"loc":{"start":{"line":129,"column":9},"end":{"line":129,"column":null}},"type":"binary-expr","locations":[{"start":{"line":129,"column":9},"end":{"line":129,"column":38}},{"start":{"line":129,"column":38},"end":{"line":129,"column":null}}]},"12":{"loc":{"start":{"line":136,"column":9},"end":{"line":136,"column":null}},"type":"binary-expr","locations":[{"start":{"line":136,"column":9},"end":{"line":136,"column":40}},{"start":{"line":136,"column":40},"end":{"line":136,"column":null}}]},"13":{"loc":{"start":{"line":141,"column":9},"end":{"line":144,"column":null}},"type":"binary-expr","locations":[{"start":{"line":141,"column":9},"end":{"line":141,"column":null}},{"start":{"line":142,"column":10},"end":{"line":144,"column":null}}]}},"s":{"0":2,"1":2,"2":2,"3":2,"4":2,"5":2,"6":2,"7":2,"8":2,"9":2,"10":0,"11":0,"12":0,"13":0,"14":0,"15":0,"16":0,"17":0,"18":0,"19":0,"20":0,"21":0,"22":0,"23":0,"24":0,"25":0,"26":0,"27":0,"28":0,"29":0,"30":0,"31":0,"32":0,"33":0,"34":0,"35":0,"36":0,"37":0,"38":0,"39":0,"40":0,"41":0,"42":0,"43":0,"44":0,"45":2},"f":{"0":2,"1":0,"2":0,"3":0,"4":2},"b":{"0":[0,0],"1":[0,0],"2":[0,0],"3":[0,0],"4":[0,0],"5":[0,0],"6":[0,0],"7":[0,0],"8":[0,0],"9":[0,0],"10":[2,0],"11":[2,0],"12":[2,0],"13":[2,0]}}
,"C:/Users/tsuka/Desktop/shit/web/rs-school/rsschool-react-2023Q1/react-components/src/components/form/checkboxInput/CheckboxInput.tsx": {"path":"C:/Users/tsuka/Desktop/shit/web/rs-school/rsschool-react-2023Q1/react-components/src/components/form/checkboxInput/CheckboxInput.tsx","statementMap":{"0":{"start":{"line":10,"column":4},"end":{"line":14,"column":null}}},"fnMap":{"0":{"name":"(anonymous_0)","decl":{"start":{"line":9,"column":2},"end":{"line":9,"column":11}},"loc":{"start":{"line":9,"column":11},"end":{"line":16,"column":null}}}},"branchMap":{},"s":{"0":3},"f":{"0":3},"b":{}}
,"C:/Users/tsuka/Desktop/shit/web/rs-school/rsschool-react-2023Q1/react-components/src/components/form/dateInput/DateInput.tsx": {"path":"C:/Users/tsuka/Desktop/shit/web/rs-school/rsschool-react-2023Q1/react-components/src/components/form/dateInput/DateInput.tsx","statementMap":{"0":{"start":{"line":10,"column":4},"end":{"line":10,"column":null}},"1":{"start":{"line":14,"column":4},"end":{"line":18,"column":null}}},"fnMap":{"0":{"name":"(anonymous_0)","decl":{"start":{"line":9,"column":2},"end":{"line":9,"column":14}},"loc":{"start":{"line":9,"column":37},"end":{"line":11,"column":null}}},"1":{"name":"(anonymous_1)","decl":{"start":{"line":13,"column":2},"end":{"line":13,"column":11}},"loc":{"start":{"line":13,"column":11},"end":{"line":20,"column":null}}}},"branchMap":{},"s":{"0":2,"1":2},"f":{"0":2,"1":2},"b":{}}
,"C:/Users/tsuka/Desktop/shit/web/rs-school/rsschool-react-2023Q1/react-components/src/components/form/fileInput/FileInput.tsx": {"path":"C:/Users/tsuka/Desktop/shit/web/rs-school/rsschool-react-2023Q1/react-components/src/components/form/fileInput/FileInput.tsx","statementMap":{"0":{"start":{"line":10,"column":4},"end":{"line":15,"column":null}}},"fnMap":{"0":{"name":"(anonymous_0)","decl":{"start":{"line":9,"column":2},"end":{"line":9,"column":11}},"loc":{"start":{"line":9,"column":11},"end":{"line":17,"column":null}}}},"branchMap":{},"s":{"0":2},"f":{"0":2},"b":{}}
,"C:/Users/tsuka/Desktop/shit/web/rs-school/rsschool-react-2023Q1/react-components/src/components/form/radioInput/RadioInputs.tsx": {"path":"C:/Users/tsuka/Desktop/shit/web/rs-school/rsschool-react-2023Q1/react-components/src/components/form/radioInput/RadioInputs.tsx","statementMap":{"0":{"start":{"line":11,"column":4},"end":{"line":26,"column":null}},"1":{"start":{"line":14,"column":10},"end":{"line":23,"column":null}}},"fnMap":{"0":{"name":"(anonymous_0)","decl":{"start":{"line":10,"column":2},"end":{"line":10,"column":11}},"loc":{"start":{"line":10,"column":11},"end":{"line":28,"column":null}}},"1":{"name":"(anonymous_1)","decl":{"start":{"line":13,"column":31},"end":{"line":13,"column":32}},"loc":{"start":{"line":13,"column":48},"end":{"line":25,"column":9}}}},"branchMap":{},"s":{"0":2,"1":4},"f":{"0":2,"1":4},"b":{}}
,"C:/Users/tsuka/Desktop/shit/web/rs-school/rsschool-react-2023Q1/react-components/src/components/form/selectInput/SelectInput.tsx": {"path":"C:/Users/tsuka/Desktop/shit/web/rs-school/rsschool-react-2023Q1/react-components/src/components/form/selectInput/SelectInput.tsx","statementMap":{"0":{"start":{"line":11,"column":4},"end":{"line":11,"column":null}},"1":{"start":{"line":15,"column":4},"end":{"line":27,"column":null}},"2":{"start":{"line":20,"column":12},"end":{"line":23,"column":null}}},"fnMap":{"0":{"name":"(anonymous_0)","decl":{"start":{"line":10,"column":2},"end":{"line":10,"column":14}},"loc":{"start":{"line":10,"column":39},"end":{"line":12,"column":null}}},"1":{"name":"(anonymous_1)","decl":{"start":{"line":14,"column":2},"end":{"line":14,"column":11}},"loc":{"start":{"line":14,"column":11},"end":{"line":29,"column":null}}},"2":{"name":"(anonymous_2)","decl":{"start":{"line":19,"column":33},"end":{"line":19,"column":34}},"loc":{"start":{"line":19,"column":50},"end":{"line":25,"column":11}}}},"branchMap":{},"s":{"0":2,"1":2,"2":12},"f":{"0":2,"1":2,"2":12},"b":{}}
,"C:/Users/tsuka/Desktop/shit/web/rs-school/rsschool-react-2023Q1/react-components/src/components/form/textInput/TextInput.tsx": {"path":"C:/Users/tsuka/Desktop/shit/web/rs-school/rsschool-react-2023Q1/react-components/src/components/form/textInput/TextInput.tsx","statementMap":{"0":{"start":{"line":9,"column":4},"end":{"line":13,"column":null}}},"fnMap":{"0":{"name":"(anonymous_0)","decl":{"start":{"line":8,"column":2},"end":{"line":8,"column":11}},"loc":{"start":{"line":8,"column":11},"end":{"line":15,"column":null}}}},"branchMap":{},"s":{"0":2},"f":{"0":2},"b":{}}
,"C:/Users/tsuka/Desktop/shit/web/rs-school/rsschool-react-2023Q1/react-components/src/components/search/Search.tsx": {"path":"C:/Users/tsuka/Desktop/shit/web/rs-school/rsschool-react-2023Q1/react-components/src/components/search/Search.tsx","statementMap":{"0":{"start":{"line":9,"column":4},"end":{"line":9,"column":null}},"1":{"start":{"line":10,"column":23},"end":{"line":10,"column":null}},"2":{"start":{"line":11,"column":4},"end":{"line":19,"column":null}},"3":{"start":{"line":12,"column":6},"end":{"line":14,"column":null}},"4":{"start":{"line":16,"column":6},"end":{"line":18,"column":null}},"5":{"start":{"line":21,"column":4},"end":{"line":21,"column":null}},"6":{"start":{"line":25,"column":4},"end":{"line":25,"column":null}},"7":{"start":{"line":29,"column":4},"end":{"line":31,"column":null}},"8":{"start":{"line":35,"column":4},"end":{"line":50,"column":null}}},"fnMap":{"0":{"name":"(anonymous_0)","decl":{"start":{"line":8,"column":2},"end":{"line":8,"column":14}},"loc":{"start":{"line":8,"column":30},"end":{"line":22,"column":null}}},"1":{"name":"(anonymous_1)","decl":{"start":{"line":24,"column":2},"end":{"line":24,"column":25}},"loc":{"start":{"line":24,"column":25},"end":{"line":26,"column":null}}},"2":{"name":"(anonymous_2)","decl":{"start":{"line":28,"column":2},"end":{"line":28,"column":16}},"loc":{"start":{"line":28,"column":60},"end":{"line":32,"column":null}}},"3":{"name":"(anonymous_3)","decl":{"start":{"line":34,"column":2},"end":{"line":34,"column":28}},"loc":{"start":{"line":34,"column":28},"end":{"line":52,"column":null}}}},"branchMap":{"0":{"loc":{"start":{"line":11,"column":4},"end":{"line":19,"column":null}},"type":"if","locations":[{"start":{"line":11,"column":4},"end":{"line":19,"column":null}},{"start":{"line":15,"column":11},"end":{"line":19,"column":null}}]}},"s":{"0":1,"1":1,"2":1,"3":0,"4":1,"5":1,"6":1,"7":0,"8":1},"f":{"0":1,"1":1,"2":0,"3":1},"b":{"0":[0,1]}}
,"C:/Users/tsuka/Desktop/shit/web/rs-school/rsschool-react-2023Q1/react-components/src/components/userCardList/UserCard.tsx": {"path":"C:/Users/tsuka/Desktop/shit/web/rs-school/rsschool-react-2023Q1/react-components/src/components/userCardList/UserCard.tsx","statementMap":{"0":{"start":{"line":14,"column":4},"end":{"line":23,"column":null}}},"fnMap":{"0":{"name":"(anonymous_0)","decl":{"start":{"line":13,"column":2},"end":{"line":13,"column":28}},"loc":{"start":{"line":13,"column":28},"end":{"line":25,"column":null}}}},"branchMap":{},"s":{"0":3},"f":{"0":3},"b":{}}
,"C:/Users/tsuka/Desktop/shit/web/rs-school/rsschool-react-2023Q1/react-components/src/components/userCardList/UsersList.tsx": {"path":"C:/Users/tsuka/Desktop/shit/web/rs-school/rsschool-react-2023Q1/react-components/src/components/userCardList/UsersList.tsx","statementMap":{"0":{"start":{"line":18,"column":4},"end":{"line":30,"column":null}},"1":{"start":{"line":21,"column":10},"end":{"line":28,"column":null}}},"fnMap":{"0":{"name":"(anonymous_0)","decl":{"start":{"line":17,"column":2},"end":{"line":17,"column":28}},"loc":{"start":{"line":17,"column":28},"end":{"line":32,"column":null}}},"1":{"name":"(anonymous_1)","decl":{"start":{"line":20,"column":30},"end":{"line":20,"column":31}},"loc":{"start":{"line":21,"column":10},"end":{"line":28,"column":null}}}},"branchMap":{},"s":{"0":2,"1":2},"f":{"0":2,"1":2},"b":{}}
,"C:/Users/tsuka/Desktop/shit/web/rs-school/rsschool-react-2023Q1/react-components/src/pages/AboutPage.tsx": {"path":"C:/Users/tsuka/Desktop/shit/web/rs-school/rsschool-react-2023Q1/react-components/src/pages/AboutPage.tsx","statementMap":{"0":{"start":{"line":5,"column":4},"end":{"line":5,"column":null}}},"fnMap":{"0":{"name":"(anonymous_0)","decl":{"start":{"line":4,"column":2},"end":{"line":4,"column":28}},"loc":{"start":{"line":4,"column":28},"end":{"line":6,"column":null}}}},"branchMap":{},"s":{"0":1},"f":{"0":1},"b":{}}
,"C:/Users/tsuka/Desktop/shit/web/rs-school/rsschool-react-2023Q1/react-components/src/pages/FormPage.tsx": {"path":"C:/Users/tsuka/Desktop/shit/web/rs-school/rsschool-react-2023Q1/react-components/src/pages/FormPage.tsx","statementMap":{"0":{"start":{"line":12,"column":4},"end":{"line":12,"column":null}},"1":{"start":{"line":13,"column":4},"end":{"line":13,"column":null}},"2":{"start":{"line":14,"column":4},"end":{"line":16,"column":null}},"3":{"start":{"line":15,"column":6},"end":{"line":15,"column":null}},"4":{"start":{"line":17,"column":4},"end":{"line":19,"column":null}},"5":{"start":{"line":21,"column":4},"end":{"line":21,"column":null}},"6":{"start":{"line":25,"column":4},"end":{"line":25,"column":null}},"7":{"start":{"line":26,"column":4},"end":{"line":28,"column":null}},"8":{"start":{"line":30,"column":4},"end":{"line":30,"column":null}},"9":{"start":{"line":34,"column":4},"end":{"line":39,"column":null}}},"fnMap":{"0":{"name":"(anonymous_0)","decl":{"start":{"line":11,"column":2},"end":{"line":11,"column":14}},"loc":{"start":{"line":11,"column":30},"end":{"line":22,"column":null}}},"1":{"name":"(anonymous_1)","decl":{"start":{"line":24,"column":2},"end":{"line":24,"column":13}},"loc":{"start":{"line":24,"column":25},"end":{"line":31,"column":null}}},"2":{"name":"(anonymous_2)","decl":{"start":{"line":33,"column":2},"end":{"line":33,"column":28}},"loc":{"start":{"line":33,"column":28},"end":{"line":41,"column":null}}}},"branchMap":{"0":{"loc":{"start":{"line":14,"column":4},"end":{"line":16,"column":null}},"type":"if","locations":[{"start":{"line":14,"column":4},"end":{"line":16,"column":null}},{"start":{"line":14,"column":4},"end":{"line":16,"column":null}}]}},"s":{"0":1,"1":1,"2":1,"3":0,"4":1,"5":1,"6":0,"7":0,"8":0,"9":1},"f":{"0":1,"1":0,"2":1},"b":{"0":[0,1]}}
,"C:/Users/tsuka/Desktop/shit/web/rs-school/rsschool-react-2023Q1/react-components/src/pages/NotFoundPage.tsx": {"path":"C:/Users/tsuka/Desktop/shit/web/rs-school/rsschool-react-2023Q1/react-components/src/pages/NotFoundPage.tsx","statementMap":{"0":{"start":{"line":5,"column":4},"end":{"line":5,"column":null}}},"fnMap":{"0":{"name":"(anonymous_0)","decl":{"start":{"line":4,"column":2},"end":{"line":4,"column":28}},"loc":{"start":{"line":4,"column":28},"end":{"line":6,"column":null}}}},"branchMap":{},"s":{"0":1},"f":{"0":1},"b":{}}
}
