{"C:/Users/tsuka/Desktop/nope/web/rs-school/rsschool-react-2023Q1/react-components/src/components/cardList/CardsList.tsx": {"path":"C:/Users/tsuka/Desktop/nope/web/rs-school/rsschool-react-2023Q1/react-components/src/components/cardList/CardsList.tsx","statementMap":{"0":{"start":{"line":23,"column":4},"end":{"line":34,"column":null}},"1":{"start":{"line":26,"column":10},"end":{"line":32,"column":null}}},"fnMap":{"0":{"name":"(anonymous_0)","decl":{"start":{"line":22,"column":2},"end":{"line":22,"column":28}},"loc":{"start":{"line":22,"column":28},"end":{"line":36,"column":null}}},"1":{"name":"(anonymous_1)","decl":{"start":{"line":25,"column":33},"end":{"line":25,"column":34}},"loc":{"start":{"line":26,"column":10},"end":{"line":32,"column":null}}}},"branchMap":{},"s":{"0":1,"1":3},"f":{"0":1,"1":3},"b":{}}
,"C:/Users/tsuka/Desktop/nope/web/rs-school/rsschool-react-2023Q1/react-components/src/components/cardList/ProductCard.tsx": {"path":"C:/Users/tsuka/Desktop/nope/web/rs-school/rsschool-react-2023Q1/react-components/src/components/cardList/ProductCard.tsx","statementMap":{"0":{"start":{"line":13,"column":4},"end":{"line":21,"column":null}}},"fnMap":{"0":{"name":"(anonymous_0)","decl":{"start":{"line":12,"column":2},"end":{"line":12,"column":28}},"loc":{"start":{"line":12,"column":28},"end":{"line":23,"column":null}}}},"branchMap":{},"s":{"0":4},"f":{"0":4},"b":{}}
,"C:/Users/tsuka/Desktop/nope/web/rs-school/rsschool-react-2023Q1/react-components/src/components/search/Search.tsx": {"path":"C:/Users/tsuka/Desktop/nope/web/rs-school/rsschool-react-2023Q1/react-components/src/components/search/Search.tsx","statementMap":{"0":{"start":{"line":9,"column":4},"end":{"line":9,"column":null}},"1":{"start":{"line":10,"column":23},"end":{"line":10,"column":null}},"2":{"start":{"line":11,"column":4},"end":{"line":19,"column":null}},"3":{"start":{"line":12,"column":6},"end":{"line":14,"column":null}},"4":{"start":{"line":16,"column":6},"end":{"line":18,"column":null}},"5":{"start":{"line":21,"column":4},"end":{"line":21,"column":null}},"6":{"start":{"line":25,"column":4},"end":{"line":27,"column":null}},"7":{"start":{"line":28,"column":4},"end":{"line":28,"column":null}},"8":{"start":{"line":32,"column":4},"end":{"line":47,"column":null}}},"fnMap":{"0":{"name":"(anonymous_0)","decl":{"start":{"line":8,"column":2},"end":{"line":8,"column":14}},"loc":{"start":{"line":8,"column":30},"end":{"line":22,"column":null}}},"1":{"name":"(anonymous_1)","decl":{"start":{"line":24,"column":2},"end":{"line":24,"column":16}},"loc":{"start":{"line":24,"column":60},"end":{"line":29,"column":null}}},"2":{"name":"(anonymous_2)","decl":{"start":{"line":31,"column":2},"end":{"line":31,"column":28}},"loc":{"start":{"line":31,"column":28},"end":{"line":49,"column":null}}}},"branchMap":{"0":{"loc":{"start":{"line":11,"column":4},"end":{"line":19,"column":null}},"type":"if","locations":[{"start":{"line":11,"column":4},"end":{"line":19,"column":null}},{"start":{"line":15,"column":11},"end":{"line":19,"column":null}}]}},"s":{"0":1,"1":1,"2":1,"3":0,"4":1,"5":1,"6":0,"7":0,"8":1},"f":{"0":1,"1":0,"2":1},"b":{"0":[0,1]}}
,"C:/Users/tsuka/Desktop/nope/web/rs-school/rsschool-react-2023Q1/react-components/src/pages/AboutPage.tsx": {"path":"C:/Users/tsuka/Desktop/nope/web/rs-school/rsschool-react-2023Q1/react-components/src/pages/AboutPage.tsx","statementMap":{"0":{"start":{"line":5,"column":4},"end":{"line":5,"column":null}}},"fnMap":{"0":{"name":"(anonymous_0)","decl":{"start":{"line":4,"column":2},"end":{"line":4,"column":28}},"loc":{"start":{"line":4,"column":28},"end":{"line":6,"column":null}}}},"branchMap":{},"s":{"0":1},"f":{"0":1},"b":{}}
,"C:/Users/tsuka/Desktop/nope/web/rs-school/rsschool-react-2023Q1/react-components/src/pages/HomePage.tsx": {"path":"C:/Users/tsuka/Desktop/nope/web/rs-school/rsschool-react-2023Q1/react-components/src/pages/HomePage.tsx","statementMap":{"0":{"start":{"line":13,"column":4},"end":{"line":13,"column":null}},"1":{"start":{"line":14,"column":4},"end":{"line":18,"column":null}},"2":{"start":{"line":22,"column":4},"end":{"line":37,"column":null}},"3":{"start":{"line":23,"column":21},"end":{"line":23,"column":31}},"4":{"start":{"line":26,"column":10},"end":{"line":29,"column":null}},"5":{"start":{"line":32,"column":10},"end":{"line":35,"column":null}},"6":{"start":{"line":41,"column":42},"end":{"line":41,"column":null}},"7":{"start":{"line":42,"column":4},"end":{"line":56,"column":null}},"8":{"start":{"line":43,"column":6},"end":{"line":43,"column":null}},"9":{"start":{"line":44,"column":4},"end":{"line":56,"column":null}},"10":{"start":{"line":45,"column":6},"end":{"line":45,"column":null}},"11":{"start":{"line":47,"column":6},"end":{"line":47,"column":null}},"12":{"start":{"line":48,"column":6},"end":{"line":54,"column":null}}},"fnMap":{"0":{"name":"(anonymous_0)","decl":{"start":{"line":12,"column":2},"end":{"line":12,"column":14}},"loc":{"start":{"line":12,"column":30},"end":{"line":19,"column":null}}},"1":{"name":"(anonymous_1)","decl":{"start":{"line":21,"column":2},"end":{"line":21,"column":28}},"loc":{"start":{"line":21,"column":28},"end":{"line":38,"column":null}}},"2":{"name":"(anonymous_2)","decl":{"start":{"line":23,"column":12},"end":{"line":23,"column":13}},"loc":{"start":{"line":23,"column":21},"end":{"line":23,"column":31}}},"3":{"name":"(anonymous_3)","decl":{"start":{"line":25,"column":8},"end":{"line":25,"column":9}},"loc":{"start":{"line":25,"column":20},"end":{"line":30,"column":null}}},"4":{"name":"(anonymous_4)","decl":{"start":{"line":31,"column":8},"end":{"line":31,"column":9}},"loc":{"start":{"line":31,"column":19},"end":{"line":36,"column":null}}},"5":{"name":"(anonymous_5)","decl":{"start":{"line":40,"column":2},"end":{"line":40,"column":28}},"loc":{"start":{"line":40,"column":28},"end":{"line":57,"column":null}}}},"branchMap":{"0":{"loc":{"start":{"line":42,"column":4},"end":{"line":56,"column":null}},"type":"if","locations":[{"start":{"line":42,"column":4},"end":{"line":56,"column":null}},{"start":{"line":44,"column":4},"end":{"line":56,"column":null}}]},"1":{"loc":{"start":{"line":44,"column":4},"end":{"line":56,"column":null}},"type":"if","locations":[{"start":{"line":44,"column":4},"end":{"line":56,"column":null}},{"start":{"line":46,"column":11},"end":{"line":56,"column":null}}]}},"s":{"0":2,"1":1,"2":1,"3":0,"4":0,"5":0,"6":1,"7":1,"8":0,"9":1,"10":1,"11":0,"12":0},"f":{"0":2,"1":1,"2":0,"3":0,"4":0,"5":1},"b":{"0":[0,1],"1":[1,0]}}
,"C:/Users/tsuka/Desktop/nope/web/rs-school/rsschool-react-2023Q1/react-components/src/pages/NotFoundPage.tsx": {"path":"C:/Users/tsuka/Desktop/nope/web/rs-school/rsschool-react-2023Q1/react-components/src/pages/NotFoundPage.tsx","statementMap":{"0":{"start":{"line":5,"column":4},"end":{"line":5,"column":null}}},"fnMap":{"0":{"name":"(anonymous_0)","decl":{"start":{"line":4,"column":2},"end":{"line":4,"column":28}},"loc":{"start":{"line":4,"column":28},"end":{"line":6,"column":null}}}},"branchMap":{},"s":{"0":1},"f":{"0":1},"b":{}}
}
